0 info it worked if it ends with ok
1 verbose cli [ '/usr/bin/nodejs',
1 verbose cli   '/usr/bin/npm',
1 verbose cli   'i',
1 verbose cli   '--save',
1 verbose cli   'txt-to-speech-js' ]
2 info using npm@1.3.10
3 info using node@v0.10.25
4 verbose cache add [ 'txt-to-speech-js', null ]
5 verbose cache add name=undefined spec="txt-to-speech-js" args=["txt-to-speech-js",null]
6 verbose parsed url { protocol: null,
6 verbose parsed url   slashes: null,
6 verbose parsed url   auth: null,
6 verbose parsed url   host: null,
6 verbose parsed url   port: null,
6 verbose parsed url   hostname: null,
6 verbose parsed url   hash: null,
6 verbose parsed url   search: null,
6 verbose parsed url   query: null,
6 verbose parsed url   pathname: 'txt-to-speech-js',
6 verbose parsed url   path: 'txt-to-speech-js',
6 verbose parsed url   href: 'txt-to-speech-js' }
7 silly lockFile 1b35cf52-txt-to-speech-js txt-to-speech-js
8 verbose lock txt-to-speech-js /home/katie/.npm/1b35cf52-txt-to-speech-js.lock
9 silly lockFile 1b35cf52-txt-to-speech-js txt-to-speech-js
10 silly lockFile 1b35cf52-txt-to-speech-js txt-to-speech-js
11 verbose addNamed [ 'txt-to-speech-js', '' ]
12 verbose addNamed [ null, '*' ]
13 silly lockFile 0a29948c-txt-to-speech-js txt-to-speech-js@
14 verbose lock txt-to-speech-js@ /home/katie/.npm/0a29948c-txt-to-speech-js.lock
15 silly addNameRange { name: 'txt-to-speech-js', range: '*', hasData: false }
16 verbose url raw txt-to-speech-js
17 verbose url resolving [ 'https://registry.npmjs.org/', './txt-to-speech-js' ]
18 verbose url resolved https://registry.npmjs.org/txt-to-speech-js
19 info trying registry request attempt 1 at 14:52:21
20 http GET https://registry.npmjs.org/txt-to-speech-js
21 http 404 https://registry.npmjs.org/txt-to-speech-js
22 silly registry.get cb [ 404,
22 silly registry.get   { 'content-type': 'application/json',
22 silly registry.get     'cache-control': 'max-age=0',
22 silly registry.get     'content-length': '2',
22 silly registry.get     'accept-ranges': 'bytes',
22 silly registry.get     date: 'Thu, 07 Jul 2016 18:52:21 GMT',
22 silly registry.get     via: '1.1 varnish',
22 silly registry.get     age: '0',
22 silly registry.get     connection: 'keep-alive',
22 silly registry.get     'x-served-by': 'cache-jfk1043-JFK',
22 silly registry.get     'x-cache': 'MISS',
22 silly registry.get     'x-cache-hits': '0',
22 silly registry.get     'x-timer': 'S1467917541.192566,VS0,VE19',
22 silly registry.get     vary: 'Accept-Encoding' } ]
23 silly addNameRange number 2 { name: 'txt-to-speech-js', range: '*', hasData: true }
24 silly addNameRange versions [ undefined, [] ]
25 error TypeError: Cannot read property 'latest' of undefined
25 error     at next (/usr/share/npm/lib/cache.js:687:35)
25 error     at /usr/share/npm/lib/cache.js:675:5
25 error     at saved (/usr/share/npm/node_modules/npm-registry-client/lib/get.js:142:7)
25 error     at /usr/lib/nodejs/graceful-fs/polyfills.js:133:7
25 error     at Object.oncomplete (fs.js:107:15)
26 error If you need help, you may report this log at:
26 error     <http://github.com/isaacs/npm/issues>
26 error or email it to:
26 error     <npm-@googlegroups.com>
27 error System Linux 3.19.0-32-generic
28 error command "/usr/bin/nodejs" "/usr/bin/npm" "i" "--save" "txt-to-speech-js"
29 error cwd /home/katie/code/My-ASD-Journey/webapp/SOS-Web
30 error node -v v0.10.25
31 error npm -v 1.3.10
32 error type non_object_property_load
33 verbose exit [ 1, true ]
